  Pacman_Game.cpp
C:\Users\lenovo\Desktop\ECE 4122\Final_Project\FinalProject\FinalProject\Pacman_Game.cpp(34,9): warning C4244: 'initializing': conversion from 'double' to 'float', possible loss of data
C:\Users\lenovo\Desktop\ECE 4122\Final_Project\FinalProject\FinalProject\Pacman_Game.cpp(35,9): warning C4244: 'initializing': conversion from 'double' to 'float', possible loss of data
C:\Users\lenovo\Desktop\ECE 4122\Final_Project\FinalProject\FinalProject\Pacman_Game.cpp(125,77): warning C4244: '=': conversion from 'double' to 'float', possible loss of data
C:\Users\lenovo\Desktop\ECE 4122\Final_Project\FinalProject\FinalProject\Pacman_Game.cpp(252,27): warning C4244: '=': conversion from 'double' to 'float', possible loss of data
C:\Users\lenovo\Desktop\ECE 4122\Final_Project\FinalProject\FinalProject\Pacman_Game.cpp(260,26): warning C4244: '=': conversion from 'int' to 'float', possible loss of data
C:\Users\lenovo\Desktop\ECE 4122\Final_Project\FinalProject\FinalProject\Pacman_Game.cpp(261,26): warning C4244: '=': conversion from 'int' to 'float', possible loss of data
C:\Users\lenovo\Desktop\ECE 4122\Final_Project\FinalProject\FinalProject\Pacman_Game.cpp(264,26): warning C4244: '=': conversion from 'int' to 'float', possible loss of data
C:\Users\lenovo\Desktop\ECE 4122\Final_Project\FinalProject\FinalProject\Pacman_Game.cpp(265,26): warning C4244: '=': conversion from 'int' to 'float', possible loss of data
C:\Users\lenovo\Desktop\ECE 4122\Final_Project\FinalProject\FinalProject\Pacman_Game.cpp(268,26): warning C4244: '=': conversion from 'int' to 'float', possible loss of data
C:\Users\lenovo\Desktop\ECE 4122\Final_Project\FinalProject\FinalProject\Pacman_Game.cpp(269,26): warning C4244: '=': conversion from 'int' to 'float', possible loss of data
C:\Users\lenovo\Desktop\ECE 4122\Final_Project\FinalProject\FinalProject\Pacman_Game.cpp(272,26): warning C4244: '=': conversion from 'int' to 'float', possible loss of data
C:\Users\lenovo\Desktop\ECE 4122\Final_Project\FinalProject\FinalProject\Pacman_Game.cpp(273,26): warning C4244: '=': conversion from 'int' to 'float', possible loss of data
C:\Users\lenovo\Desktop\ECE 4122\Final_Project\FinalProject\FinalProject\Pacman_Game.cpp(311,65): warning C4244: '=': conversion from 'double' to 'float', possible loss of data
C:\Users\lenovo\Desktop\ECE 4122\Final_Project\FinalProject\FinalProject\Pacman_Game.cpp(341,31): warning C4244: '=': conversion from 'int' to 'float', possible loss of data
C:\Users\lenovo\Desktop\ECE 4122\Final_Project\FinalProject\FinalProject\Pacman_Game.cpp(347,31): warning C4244: '=': conversion from 'int' to 'float', possible loss of data
C:\Users\lenovo\Desktop\ECE 4122\Final_Project\FinalProject\FinalProject\Pacman_Game.cpp(348,31): warning C4244: '=': conversion from 'int' to 'float', possible loss of data
C:\Users\lenovo\Desktop\ECE 4122\Final_Project\FinalProject\FinalProject\Pacman_Game.cpp(419,1): warning C4244: '+=': conversion from 'double' to 'int', possible loss of data
C:\Users\lenovo\Desktop\ECE 4122\Final_Project\FinalProject\FinalProject\Pacman_Game.cpp(438,60): warning C4244: '=': conversion from 'double' to 'int', possible loss of data
C:\Users\lenovo\Desktop\ECE 4122\Final_Project\FinalProject\FinalProject\Pacman_Game.cpp(450,60): warning C4244: '=': conversion from 'double' to 'int', possible loss of data
C:\Users\lenovo\Desktop\ECE 4122\Final_Project\FinalProject\FinalProject\Pacman_Game.cpp(462,56): warning C4244: '=': conversion from 'double' to 'int', possible loss of data
C:\Users\lenovo\Desktop\ECE 4122\Final_Project\FinalProject\FinalProject\Pacman_Game.cpp(474,56): warning C4244: '=': conversion from 'double' to 'int', possible loss of data
C:\Users\lenovo\Desktop\ECE 4122\Final_Project\FinalProject\FinalProject\Pacman_Game.cpp(511,24): warning C4244: '=': conversion from 'int' to 'float', possible loss of data
C:\Users\lenovo\Desktop\ECE 4122\Final_Project\FinalProject\FinalProject\Pacman_Game.cpp(512,21): warning C4244: '=': conversion from 'double' to 'int', possible loss of data
C:\Users\lenovo\Desktop\ECE 4122\Final_Project\FinalProject\FinalProject\Pacman_Game.cpp(513,21): warning C4244: '=': conversion from 'double' to 'int', possible loss of data
C:\Users\lenovo\Desktop\ECE 4122\Final_Project\FinalProject\FinalProject\Pacman_Game.cpp(605,42): warning C4244: '=': conversion from 'int' to 'float', possible loss of data
C:\Users\lenovo\Desktop\ECE 4122\Final_Project\FinalProject\FinalProject\Pacman_Game.cpp(680,36): warning C4244: 'argument': conversion from 'int' to 'GLfloat', possible loss of data
C:\Users\lenovo\Desktop\ECE 4122\Final_Project\FinalProject\FinalProject\Pacman_Game.cpp(680,28): warning C4244: 'argument': conversion from 'int' to 'GLfloat', possible loss of data
C:\Users\lenovo\Desktop\ECE 4122\Final_Project\FinalProject\FinalProject\Pacman_Game.cpp(717,43): warning C4305: 'argument': truncation from 'double' to 'GLfloat'
C:\Users\lenovo\Desktop\ECE 4122\Final_Project\FinalProject\FinalProject\Pacman_Game.cpp(740,62): warning C4244: '=': conversion from 'double' to 'float', possible loss of data
C:\Users\lenovo\Desktop\ECE 4122\Final_Project\FinalProject\FinalProject\Pacman_Game.cpp(768,58): warning C4244: '=': conversion from 'double' to 'float', possible loss of data
C:\Users\lenovo\Desktop\ECE 4122\Final_Project\FinalProject\FinalProject\Pacman_Game.cpp(796,60): warning C4244: '=': conversion from 'double' to 'float', possible loss of data
C:\Users\lenovo\Desktop\ECE 4122\Final_Project\FinalProject\FinalProject\Pacman_Game.cpp(824,60): warning C4244: '=': conversion from 'double' to 'float', possible loss of data
C:\Users\lenovo\Desktop\ECE 4122\Final_Project\FinalProject\FinalProject\Pacman_Game.cpp(942,20): warning C4244: '=': conversion from 'double' to 'float', possible loss of data
C:\Users\lenovo\Desktop\ECE 4122\Final_Project\FinalProject\FinalProject\Pacman_Game.cpp(943,20): warning C4244: '=': conversion from 'double' to 'float', possible loss of data
C:\Users\lenovo\Desktop\ECE 4122\Final_Project\FinalProject\FinalProject\Pacman_Game.cpp(947,20): warning C4244: '=': conversion from 'double' to 'float', possible loss of data
C:\Users\lenovo\Desktop\ECE 4122\Final_Project\FinalProject\FinalProject\Pacman_Game.cpp(948,20): warning C4244: '=': conversion from 'double' to 'float', possible loss of data
C:\Users\lenovo\Desktop\ECE 4122\Final_Project\FinalProject\FinalProject\Pacman_Game.cpp(953,20): warning C4244: '=': conversion from 'double' to 'float', possible loss of data
C:\Users\lenovo\Desktop\ECE 4122\Final_Project\FinalProject\FinalProject\Pacman_Game.cpp(954,20): warning C4244: '=': conversion from 'double' to 'float', possible loss of data
C:\Users\lenovo\Desktop\ECE 4122\Final_Project\FinalProject\FinalProject\Pacman_Game.cpp(996,15): warning C4244: 'argument': conversion from 'time_t' to 'unsigned int', possible loss of data
  FinalProject.vcxproj -> C:\Users\lenovo\Desktop\ECE 4122\Final_Project\FinalProject\Debug\FinalProject.exe
